<?xml version="1.0" encoding="UTF-8"?>
<testsuite xmlns:xsi="http://www.w3.org/2001/XMLSchema-instance" xsi:noNamespaceSchemaLocation="https://maven.apache.org/surefire/maven-surefire-plugin/xsd/surefire-test-report.xsd" name="TestSuite" time="108.682" tests="2" errors="0" skipped="0" failures="1">
  <properties>
[...]
</properties>
  <testcase name="test" classname="testautomation.testing.AppTest" time="78.042"/>
  <testcase name="export" classname="testautomation.testing.AppTest" time="22.638">
    <failure type="java.lang.AssertionError:">java.lang.AssertionError: null
	at testautomation.testing.AppTest.export(AppTest.java:36)
</failure>
    <system-out><![CDATA[Expected condition failed: waiting for presence of element located by: By.xpath: //title[contains(text(),'- Explore - Google Trends')] (tried for 20 second(s) with 500 milliseconds interval)
]]></system-out>
    <system-err><![CDATA[Starting ChromeDriver 89.0.4389.23 (61b08ee2c50024bab004e48d2b1b083cdbdac579-refs/branch-heads/4389@{#294}) on port 37720
Only local connections are allowed.
Please see https://chromedriver.chromium.org/security-considerations for suggestions on keeping ChromeDriver safe.
ChromeDriver was started successfully.
Apr 17, 2021 10:59:44 PM org.openqa.selenium.remote.ProtocolHandshake createSession
INFO: Detected dialect: W3C
Apr 17, 2021 10:59:44 PM org.openqa.selenium.devtools.CdpVersionFinder findNearestMatch
INFO: Found exact CDP implementation for version 89
[Base] [ERROR] Expected condition failed: waiting for presence of element located by: By.xpath: //title[contains(text(),'- Explore - Google Trends')] (tried for 20 second(s) with 500 milliseconds interval)
]]></system-err>
  </testcase>
</testsuite>