<?xml version="1.0" encoding="UTF-8"?>
<testng-results ignored="0" total="1" passed="1" failed="0" skipped="0">
  <reporter-output>
  </reporter-output>
  <suite started-at="2021-04-19T20:50:10Z" name="Keyword Planner Volume" finished-at="2021-04-19T20:50:35Z" duration-ms="24749">
    <groups>
    </groups>
    <test started-at="2021-04-19T20:50:10Z" name="search" finished-at="2021-04-19T20:50:35Z" duration-ms="24749">
      <class name="testautomation.testing.AppTest">
        <test-method is-config="true" signature="suiteSetup()[pri:0, instance:testautomation.testing.AppTest@358ab600]" started-at="2021-04-19T20:50:09Z" name="suiteSetup" finished-at="2021-04-19T20:50:10Z" duration-ms="996" status="PASS">
          <reporter-output>
          </reporter-output>
        </test-method> <!-- suiteSetup -->
        <test-method signature="test(java.lang.String)[pri:1, instance:testautomation.testing.AppTest@358ab600]" started-at="2021-04-19T20:50:10Z" name="test" finished-at="2021-04-19T20:50:28Z" duration-ms="17608" status="PASS">
          <params>
            <param index="0">
              <value>
                <![CDATA[Money]]>
              </value>
            </param>
          </params>
          <reporter-output>
          </reporter-output>
        </test-method> <!-- test -->
        <test-method is-config="true" signature="teardown()[pri:0, instance:testautomation.testing.AppTest@358ab600]" started-at="2021-04-19T20:50:35Z" name="teardown" finished-at="2021-04-19T20:50:36Z" duration-ms="1112" status="PASS">
          <reporter-output>
          </reporter-output>
        </test-method> <!-- teardown -->
      </class> <!-- testautomation.testing.AppTest -->
    </test> <!-- search -->
  </suite> <!-- Keyword Planner Volume -->
</testng-results>
